0 info it worked if it ends with ok
1 verbose cli [ 'C:\\Program Files\\nodejs\\node.exe',
1 verbose cli   'C:\\Program Files\\nodejs\\node_modules\\npm\\bin\\npm-cli.js',
1 verbose cli   'publish' ]
2 info using npm@3.9.3
3 info using node@v6.2.1
4 verbose publish [ '.' ]
5 silly cache add args [ '.', null ]
6 verbose cache add spec .
7 silly cache add parsed spec Result {
7 silly cache add   raw: '.',
7 silly cache add   scope: null,
7 silly cache add   name: null,
7 silly cache add   rawSpec: '.',
7 silly cache add   spec: 'D:\\projects\\bakuhatsu\\SYP\\client-common',
7 silly cache add   type: 'directory' }
8 verbose addLocalDirectory C:\Users\ken\AppData\Roaming\npm-cache\@bakuhatsu\client-common\1.0.0\package.tgz not in flight; packing
9 verbose correctMkdir C:\Users\ken\AppData\Roaming\npm-cache correctMkdir not in flight; initializing
10 info lifecycle @bakuhatsu/client-common@1.0.0~prepublish: @bakuhatsu/client-common@1.0.0
11 silly lifecycle @bakuhatsu/client-common@1.0.0~prepublish: no script for prepublish, continuing
12 verbose tar pack [ 'C:\\Users\\ken\\AppData\\Roaming\\npm-cache\\@bakuhatsu\\client-common\\1.0.0\\package.tgz',
12 verbose tar pack   'D:\\projects\\bakuhatsu\\SYP\\client-common' ]
13 verbose tarball C:\Users\ken\AppData\Roaming\npm-cache\@bakuhatsu\client-common\1.0.0\package.tgz
14 verbose folder D:\projects\bakuhatsu\SYP\client-common
15 verbose addLocalTarball adding from inside cache C:\Users\ken\AppData\Roaming\npm-cache\@bakuhatsu\client-common\1.0.0\package.tgz
16 verbose correctMkdir C:\Users\ken\AppData\Roaming\npm-cache correctMkdir not in flight; initializing
17 silly cache afterAdd @bakuhatsu/client-common@1.0.0
18 verbose afterAdd C:\Users\ken\AppData\Roaming\npm-cache\@bakuhatsu\client-common\1.0.0\package\package.json not in flight; writing
19 verbose correctMkdir C:\Users\ken\AppData\Roaming\npm-cache correctMkdir not in flight; initializing
20 verbose afterAdd C:\Users\ken\AppData\Roaming\npm-cache\@bakuhatsu\client-common\1.0.0\package\package.json written
21 silly publish { name: '@bakuhatsu/client-common',
21 silly publish   version: '1.0.0',
21 silly publish   description: '',
21 silly publish   main: 'index.js',
21 silly publish   scripts: { test: 'echo "Error: no test specified" && exit 1' },
21 silly publish   repository:
21 silly publish    { type: 'git',
21 silly publish      url: 'git+https://github.com/bakuhatsuconsulting/SYP-client-common.git' },
21 silly publish   author: '',
21 silly publish   license: 'ISC',
21 silly publish   bugs: { url: 'https://github.com/bakuhatsuconsulting/SYP-client-common/issues' },
21 silly publish   homepage: 'https://github.com/bakuhatsuconsulting/SYP-client-common#readme',
21 silly publish   readme: '# SYP-client-common',
21 silly publish   readmeFilename: 'README.md',
21 silly publish   gitHead: 'aa95e3c5c3f68df037fdb292d279ce0c8e7bf4e9',
21 silly publish   _id: '@bakuhatsu/client-common@1.0.0',
21 silly publish   _shasum: 'bf23faf3d0129b19546f67095136e172e4b40311',
21 silly publish   _from: '.' }
22 verbose getPublishConfig undefined
23 silly mapToRegistry name @bakuhatsu/client-common
24 silly mapToRegistry scope (from package name) @bakuhatsu
25 verbose mapToRegistry no registry URL found in name for scope @bakuhatsu
26 silly mapToRegistry using default registry
27 silly mapToRegistry registry https://registry.npmjs.org/
28 silly mapToRegistry data Result {
28 silly mapToRegistry   raw: '@bakuhatsu/client-common',
28 silly mapToRegistry   scope: '@bakuhatsu',
28 silly mapToRegistry   name: '@bakuhatsu/client-common',
28 silly mapToRegistry   rawSpec: '',
28 silly mapToRegistry   spec: 'latest',
28 silly mapToRegistry   type: 'tag' }
29 silly mapToRegistry uri https://registry.npmjs.org/@bakuhatsu%2fclient-common
30 verbose publish registryBase https://registry.npmjs.org/
31 silly publish uploading C:\Users\ken\AppData\Roaming\npm-cache\@bakuhatsu\client-common\1.0.0\package.tgz
32 verbose request uri https://registry.npmjs.org/@bakuhatsu%2fclient-common
33 verbose request sending authorization for write operation
34 info attempt registry request try #1 at 1:29:17 PM
35 verbose request using bearer token for auth
36 verbose request id a2b3b416441f1aaf
37 http request PUT https://registry.npmjs.org/@bakuhatsu%2fclient-common
38 http 403 https://registry.npmjs.org/@bakuhatsu%2fclient-common
39 verbose headers { 'content-type': 'application/json',
39 verbose headers   'cache-control': 'max-age=0',
39 verbose headers   'content-length': '95',
39 verbose headers   'accept-ranges': 'bytes',
39 verbose headers   date: 'Thu, 23 Jun 2016 20:29:17 GMT',
39 verbose headers   via: '1.1 varnish',
39 verbose headers   connection: 'keep-alive',
39 verbose headers   'x-served-by': 'cache-sjc3132-SJC',
39 verbose headers   'x-cache': 'MISS',
39 verbose headers   'x-cache-hits': '0',
39 verbose headers   'x-timer': 'S1466713757.351755,VS0,VE385' }
40 verbose request invalidating C:\Users\ken\AppData\Roaming\npm-cache\registry.npmjs.org\_40bakuhatsu_252fclient-common on PUT
41 error publish Failed PUT 403
42 verbose stack Error: "You cannot publish over the previously published version 1.0.0." : @bakuhatsu/client-common
42 verbose stack     at makeError (C:\Program Files\nodejs\node_modules\npm\node_modules\npm-registry-client\lib\request.js:264:12)
42 verbose stack     at CachingRegistryClient.<anonymous> (C:\Program Files\nodejs\node_modules\npm\node_modules\npm-registry-client\lib\request.js:252:14)
42 verbose stack     at Request._callback (C:\Program Files\nodejs\node_modules\npm\node_modules\npm-registry-client\lib\request.js:172:14)
42 verbose stack     at Request.self.callback (C:\Program Files\nodejs\node_modules\npm\node_modules\request\request.js:200:22)
42 verbose stack     at emitTwo (events.js:106:13)
42 verbose stack     at Request.emit (events.js:191:7)
42 verbose stack     at Request.<anonymous> (C:\Program Files\nodejs\node_modules\npm\node_modules\request\request.js:1067:10)
42 verbose stack     at emitOne (events.js:101:20)
42 verbose stack     at Request.emit (events.js:188:7)
42 verbose stack     at IncomingMessage.<anonymous> (C:\Program Files\nodejs\node_modules\npm\node_modules\request\request.js:988:12)
43 verbose statusCode 403
44 verbose pkgid @bakuhatsu/client-common
45 verbose cwd D:\projects\bakuhatsu\SYP\client-common
46 error Windows_NT 10.0.10586
47 error argv "C:\\Program Files\\nodejs\\node.exe" "C:\\Program Files\\nodejs\\node_modules\\npm\\bin\\npm-cli.js" "publish"
48 error node v6.2.1
49 error npm  v3.9.3
50 error code E403
51 error "You cannot publish over the previously published version 1.0.0." : @bakuhatsu/client-common
52 error If you need help, you may report this error at:
52 error     <https://github.com/npm/npm/issues>
53 verbose exit [ 1, true ]
